[1122/145317.424:ERROR:process_info.cc(329)] VirtualQueryEx: Accès refusé. (0x5)
[1122/145317.425:ERROR:process_info.cc(550)] ReadMemoryInfo failed
[1122/145317.434:ERROR:process_reader_win.cc(151)] SuspendThread: Accès refusé. (0x5)
[1122/145317.434:ERROR:exception_snapshot_win.cc(88)] thread ID 14104 not found in process
[1122/145317.435:ERROR:scoped_process_suspend.cc(40)] NtResumeProcess: Tentative d’accès à un processus en cours d’arrêt. (0xc000010a)
[1122/162729.612:ERROR:process_info.cc(329)] VirtualQueryEx: Accès refusé. (0x5)
[1122/162729.613:ERROR:process_info.cc(550)] ReadMemoryInfo failed
[1122/162729.616:ERROR:process_reader_win.cc(151)] SuspendThread: Accès refusé. (0x5)
[1122/162729.616:ERROR:exception_snapshot_win.cc(88)] thread ID 4052 not found in process
[1122/162729.617:ERROR:scoped_process_suspend.cc(40)] NtResumeProcess: Tentative d’accès à un processus en cours d’arrêt. (0xc000010a)
[1122/182512.111:ERROR:process_reader_win.cc(242)] ReadMemory at 0x7ff7580f0000 of 64 bytes failed: Seule une partie d’une requête ReadProcessMemory ou WriteProcessMemory a été effectuée. (0x12B)
[1122/182512.135:WARNING:pe_image_reader.cc(302)] could not read dos header from C:\Program Files (x86)\Google\Chrome\Application\chrome.exe
[1122/182512.135:ERROR:process_reader_win.cc(242)] ReadMemory at 0x7ff8bf650000 of 64 bytes failed: Seule une partie d’une requête ReadProcessMemory ou WriteProcessMemory a été effectuée. (0x12B)
[1122/182512.136:WARNING:pe_image_reader.cc(302)] could not read dos header from C:\Windows\SYSTEM32\ntdll.dll
[1122/182512.136:ERROR:process_reader_win.cc(242)] ReadMemory at 0x7ff8bcfd0000 of 64 bytes failed: Seule une partie d’une requête ReadProcessMemory ou WriteProcessMemory a été effectuée. (0x12B)
[1122/182512.136:WARNING:pe_image_reader.cc(302)] could not read dos header from C:\Windows\System32\KERNEL32.DLL
[1122/182512.136:ERROR:process_reader_win.cc(242)] ReadMemory at 0x7ff8bc670000 of 64 bytes failed: Seule une partie d’une requête ReadProcessMemory ou WriteProcessMemory a été effectuée. (0x12B)
[1122/182512.136:WARNING:pe_image_reader.cc(302)] could not read dos header from C:\Windows\System32\KERNELBASE.dll
[1122/182512.136:ERROR:process_reader_win.cc(242)] ReadMemory at 0x7ff8ba100000 of 64 bytes failed: Seule une partie d’une requête ReadProcessMemory ou WriteProcessMemory a été effectuée. (0x12B)
[1122/182512.136:WARNING:pe_image_reader.cc(302)] could not read dos header from C:\Windows\system32\apphelp.dll
[1122/182512.136:ERROR:process_reader_win.cc(242)] ReadMemory at 0x7ff8b15a0000 of 64 bytes failed: Seule une partie d’une requête ReadProcessMemory ou WriteProcessMemory a été effectuée. (0x12B)
[1122/182512.136:WARNING:pe_image_reader.cc(302)] could not read dos header from C:\Windows\AppPatch\AppPatch64\AcGenral.dll
[1122/182512.136:ERROR:process_reader_win.cc(242)] ReadMemory at 0x7ff8bd3a0000 of 64 bytes failed: Seule une partie d’une requête ReadProcessMemory ou WriteProcessMemory a été effectuée. (0x12B)
[1122/182512.136:WARNING:pe_image_reader.cc(302)] could not read dos header from C:\Windows\System32\msvcrt.dll
[1122/182512.136:ERROR:process_reader_win.cc(242)] ReadMemory at 0x7ff8bcf70000 of 64 bytes failed: Seule une partie d’une requête ReadProcessMemory ou WriteProcessMemory a été effectuée. (0x12B)
[1122/182512.136:WARNING:pe_image_reader.cc(302)] could not read dos header from C:\Windows\System32\sechost.dll
[1122/182512.136:ERROR:process_reader_win.cc(242)] ReadMemory at 0x7ff8bce40000 of 64 bytes failed: Seule une partie d’une requête ReadProcessMemory ou WriteProcessMemory a été effectuée. (0x12B)
[1122/182512.136:WARNING:pe_image_reader.cc(302)] could not read dos header from C:\Windows\System32\RPCRT4.dll
[1122/182512.136:ERROR:process_reader_win.cc(242)] ReadMemory at 0x7ff8bf550000 of 64 bytes failed: Seule une partie d’une requête ReadProcessMemory ou WriteProcessMemory a été effectuée. (0x12B)
[1122/182512.136:WARNING:pe_image_reader.cc(302)] could not read dos header from C:\Windows\System32\SHLWAPI.dll
[1122/182512.136:ERROR:process_reader_win.cc(242)] ReadMemory at 0x7ff8bf280000 of 64 bytes failed: Seule une partie d’une requête ReadProcessMemory ou WriteProcessMemory a été effectuée. (0x12B)
[1122/182512.144:WARNING:pe_image_reader.cc(302)] could not read dos header from C:\Windows\System32\combase.dll
[1122/182512.144:ERROR:process_reader_win.cc(242)] ReadMemory at 0x7ff8bca60000 of 64 bytes failed: Seule une partie d’une requête ReadProcessMemory ou WriteProcessMemory a été effectuée. (0x12B)
[1122/182512.144:WARNING:pe_image_reader.cc(302)] could not read dos header from C:\Windows\System32\ucrtbase.dll
[1122/182512.144:ERROR:process_reader_win.cc(242)] ReadMemory at 0x7ff8bc550000 of 64 bytes failed: Seule une partie d’une requête ReadProcessMemory ou WriteProcessMemory a été effectuée. (0x12B)
[1122/182512.144:WARNING:pe_image_reader.cc(302)] could not read dos header from C:\Windows\System32\bcryptPrimitives.dll
[1122/182512.144:ERROR:process_reader_win.cc(242)] ReadMemory at 0x1eb09650000 of 64 bytes failed: Seule une partie d’une requête ReadProcessMemory ou WriteProcessMemory a été effectuée. (0x12B)
[1122/182512.145:WARNING:pe_image_reader.cc(302)] could not read dos header from C:\Windows\System32\GDI32.dll
[1122/182512.145:ERROR:process_reader_win.cc(242)] ReadMemory at 0x7ff8bbbe0000 of 64 bytes failed: Seule une partie d’une requête ReadProcessMemory ou WriteProcessMemory a été effectuée. (0x12B)
[1122/182512.145:WARNING:pe_image_reader.cc(302)] could not read dos header from C:\Windows\System32\gdi32full.dll
[1122/182512.145:ERROR:process_reader_win.cc(242)] ReadMemory at 0x7ff8bd870000 of 64 bytes failed: Seule une partie d’une requête ReadProcessMemory ou WriteProcessMemory a été effectuée. (0x12B)
[1122/182512.145:WARNING:pe_image_reader.cc(302)] could not read dos header from C:\Windows\System32\USER32.dll
[1122/182512.145:ERROR:process_reader_win.cc(242)] ReadMemory at 0x7ff8bcb60000 of 64 bytes failed: Seule une partie d’une requête ReadProcessMemory ou WriteProcessMemory a été effectuée. (0x12B)
[1122/182512.145:WARNING:pe_image_reader.cc(302)] could not read dos header from C:\Windows\System32\win32u.dll
[1122/182512.145:ERROR:process_reader_win.cc(242)] ReadMemory at 0x7ff8bcca0000 of 64 bytes failed: Seule une partie d’une requête ReadProcessMemory ou WriteProcessMemory a été effectuée. (0x12B)
[1122/182512.145:WARNING:pe_image_reader.cc(302)] could not read dos header from C:\Windows\System32\ole32.dll
[1122/182512.145:ERROR:process_reader_win.cc(242)] ReadMemory at 0x7ff8bdc60000 of 64 bytes failed: Seule une partie d’une requête ReadProcessMemory ou WriteProcessMemory a été effectuée. (0x12B)
[1122/182512.145:WARNING:pe_image_reader.cc(302)] could not read dos header from C:\Windows\System32\SHELL32.dll
[1122/182512.145:ERROR:process_reader_win.cc(242)] ReadMemory at 0x7ff8bbd70000 of 64 bytes failed: Seule une partie d’une requête ReadProcessMemory ou WriteProcessMemory a été effectuée. (0x12B)
[1122/182512.145:WARNING:pe_image_reader.cc(302)] could not read dos header from C:\Windows\System32\cfgmgr32.dll
[1122/182512.145:ERROR:process_reader_win.cc(242)] ReadMemory at 0x7ff8bbdc0000 of 64 bytes failed: Seule une partie d’une requête ReadProcessMemory ou WriteProcessMemory a été effectuée. (0x12B)
[1122/182512.145:WARNING:pe_image_reader.cc(302)] could not read dos header from C:\Windows\System32\windows.storage.dll
[1122/182512.145:ERROR:process_reader_win.cc(242)] ReadMemory at 0x7ff8bbb60000 of 64 bytes failed: Seule une partie d’une requête ReadProcessMemory ou WriteProcessMemory a été effectuée. (0x12B)
[1122/182512.145:WARNING:pe_image_reader.cc(302)] could not read dos header from C:\Windows\System32\powrprof.dll
[1122/182512.145:ERROR:process_reader_win.cc(242)] ReadMemory at 0x7ff8bcbf0000 of 64 bytes failed: Seule une partie d’une requête ReadProcessMemory ou WriteProcessMemory a été effectuée. (0x12B)
[1122/182512.145:WARNING:pe_image_reader.cc(302)] could not read dos header from C:\Windows\System32\advapi32.dll
[1122/182512.145:ERROR:process_reader_win.cc(242)] ReadMemory at 0x7ff8bbb50000 of 64 bytes failed: Seule une partie d’une requête ReadProcessMemory ou WriteProcessMemory a été effectuée. (0x12B)
[1122/182512.145:WARNING:pe_image_reader.cc(302)] could not read dos header from C:\Windows\System32\kernel.appcore.dll
[1122/182512.146:ERROR:process_reader_win.cc(242)] ReadMemory at 0x7ff8bc4a0000 of 64 bytes failed: Seule une partie d’une requête ReadProcessMemory ou WriteProcessMemory a été effectuée. (0x12B)
[1122/182512.146:WARNING:pe_image_reader.cc(302)] could not read dos header from C:\Windows\System32\shcore.dll
[1122/182512.146:ERROR:process_reader_win.cc(242)] ReadMemory at 0x7ff8bbbb0000 of 64 bytes failed: Seule une partie d’une requête ReadProcessMemory ou WriteProcessMemory a été effectuée. (0x12B)
[1122/182512.146:WARNING:pe_image_reader.cc(302)] could not read dos header from C:\Windows\System32\profapi.dll
[1122/182512.146:ERROR:process_reader_win.cc(242)] ReadMemory at 0x7ff8bb850000 of 64 bytes failed: Seule une partie d’une requête ReadProcessMemory ou WriteProcessMemory a été effectuée. (0x12B)
[1122/182512.146:WARNING:pe_image_reader.cc(302)] could not read dos header from C:\Windows\SYSTEM32\SspiCli.dll
[1122/182512.146:ERROR:process_reader_win.cc(242)] ReadMemory at 0x7ff8bb300000 of 64 bytes failed: Seule une partie d’une requête ReadProcessMemory ou WriteProcessMemory a été effectuée. (0x12B)
[1122/182512.146:WARNING:pe_image_reader.cc(302)] could not read dos header from C:\Windows\SYSTEM32\USERENV.dll
[1122/182512.146:ERROR:process_reader_win.cc(242)] ReadMemory at 0x7ff8aa790000 of 64 bytes failed: Seule une partie d’une requête ReadProcessMemory ou WriteProcessMemory a été effectuée. (0x12B)
[1122/182512.146:WARNING:pe_image_reader.cc(302)] could not read dos header from C:\Windows\SYSTEM32\MPR.dll
[1122/182512.146:ERROR:process_reader_win.cc(242)] ReadMemory at 0x7ff8bd290000 of 64 bytes failed: Seule une partie d’une requête ReadProcessMemory ou WriteProcessMemory a été effectuée. (0x12B)
[1122/182512.146:WARNING:pe_image_reader.cc(302)] could not read dos header from C:\Windows\System32\IMM32.DLL
[1122/182512.146:ERROR:process_reader_win.cc(242)] ReadMemory at 0x7ff8bcbe0000 of 64 bytes failed: Seule une partie d’une requête ReadProcessMemory ou WriteProcessMemory a été effectuée. (0x12B)
[1122/182512.146:WARNING:pe_image_reader.cc(302)] could not read dos header from C:\Windows\System32\PSAPI.DLL
[1122/182512.146:ERROR:process_reader_win.cc(242)] ReadMemory at 0x7ff8b1500000 of 64 bytes failed: Seule une partie d’une requête ReadProcessMemory ou WriteProcessMemory a été effectuée. (0x12B)
[1122/182512.146:WARNING:pe_image_reader.cc(302)] could not read dos header from C:\Program Files (x86)\Google\Chrome\Application\70.0.3538.102\chrome_elf.dll
[1122/182512.146:ERROR:process_reader_win.cc(242)] ReadMemory at 0x7ff8b2a80000 of 64 bytes failed: Seule une partie d’une requête ReadProcessMemory ou WriteProcessMemory a été effectuée. (0x12B)
[1122/182512.146:WARNING:pe_image_reader.cc(302)] could not read dos header from C:\Windows\SYSTEM32\VERSION.dll
[1122/182512.146:ERROR:process_reader_win.cc(242)] ReadMemory at 0x7ff8b9a70000 of 64 bytes failed: Seule une partie d’une requête ReadProcessMemory ou WriteProcessMemory a été effectuée. (0x12B)
[1122/182512.146:WARNING:pe_image_reader.cc(302)] could not read dos header from C:\Windows\SYSTEM32\WINMM.dll
[1122/182512.146:ERROR:process_reader_win.cc(242)] ReadMemory at 0x7ff8b9a40000 of 64 bytes failed: Seule une partie d’une requête ReadProcessMemory ou WriteProcessMemory a été effectuée. (0x12B)
[1122/182512.146:WARNING:pe_image_reader.cc(302)] could not read dos header from C:\Windows\SYSTEM32\WINMMBASE.dll
[1122/182512.146:ERROR:process_reader_win.cc(242)] ReadMemory at 0x7ff8bb640000 of 64 bytes failed: Seule une partie d’une requête ReadProcessMemory ou WriteProcessMemory a été effectuée. (0x12B)
[1122/182512.147:WARNING:pe_image_reader.cc(302)] could not read dos header from C:\Windows\SYSTEM32\CRYPTBASE.DLL
[1122/182512.147:ERROR:process_reader_win.cc(242)] ReadMemory at 0x7ff8aae80000 of 64 bytes failed: Seule une partie d’une requête ReadProcessMemory ou WriteProcessMemory a été effectuée. (0x12B)
[1122/182512.147:WARNING:pe_image_reader.cc(302)] could not read dos header from C:\Windows\SYSTEM32\ninput.dll
[1122/182512.147:ERROR:process_reader_win.cc(242)] ReadMemory at 0x7ff8bda00000 of 64 bytes failed: Seule une partie d’une requête ReadProcessMemory ou WriteProcessMemory a été effectuée. (0x12B)
[1122/182512.147:WARNING:pe_image_reader.cc(302)] could not read dos header from C:\Windows\System32\OLEAUT32.dll
[1122/182512.147:ERROR:process_reader_win.cc(242)] ReadMemory at 0x7ff88f8b0000 of 64 bytes failed: Seule une partie d’une requête ReadProcessMemory ou WriteProcessMemory a été effectuée. (0x12B)
[1122/182512.147:WARNING:pe_image_reader.cc(302)] could not read dos header from C:\Program Files (x86)\Google\Chrome\Application\70.0.3538.102\chrome_child.dll
[1122/182512.147:ERROR:process_reader_win.cc(242)] ReadMemory at 0x7ff8bd2d0000 of 64 bytes failed: Seule une partie d’une requête ReadProcessMemory ou WriteProcessMemory a été effectuée. (0x12B)
[1122/182512.147:WARNING:pe_image_reader.cc(302)] could not read dos header from C:\Windows\System32\WS2_32.dll
[1122/182512.147:ERROR:process_reader_win.cc(242)] ReadMemory at 0x7ff8bcb80000 of 64 bytes failed: Seule une partie d’une requête ReadProcessMemory ou WriteProcessMemory a été effectuée. (0x12B)
[1122/182512.147:WARNING:pe_image_reader.cc(302)] could not read dos header from C:\Windows\System32\WINTRUST.dll
[1122/182512.147:ERROR:process_reader_win.cc(242)] ReadMemory at 0x7ff8bbbd0000 of 64 bytes failed: Seule une partie d’une requête ReadProcessMemory ou WriteProcessMemory a été effectuée. (0x12B)
[1122/182512.147:WARNING:pe_image_reader.cc(302)] could not read dos header from C:\Windows\System32\MSASN1.dll
[1122/182512.147:ERROR:process_reader_win.cc(242)] ReadMemory at 0x7ff8bc890000 of 64 bytes failed: Seule une partie d’une requête ReadProcessMemory ou WriteProcessMemory a été effectuée. (0x12B)
[1122/182512.147:WARNING:pe_image_reader.cc(302)] could not read dos header from C:\Windows\System32\CRYPT32.dll
[1122/182512.147:ERROR:process_reader_win.cc(242)] ReadMemory at 0x7ff8bf170000 of 64 bytes failed: Seule une partie d’une requête ReadProcessMemory ou WriteProcessMemory a été effectuée. (0x12B)
[1122/182512.147:WARNING:pe_image_reader.cc(302)] could not read dos header from C:\Windows\System32\COMDLG32.dll
[1122/182512.147:ERROR:process_reader_win.cc(242)] ReadMemory at 0x7ff8bb210000 of 64 bytes failed: Seule une partie d’une requête ReadProcessMemory ou WriteProcessMemory a été effectuée. (0x12B)
[1122/182512.147:WARNING:pe_image_reader.cc(302)] could not read dos header from C:\Windows\SYSTEM32\IPHLPAPI.DLL
[1122/182512.147:ERROR:process_reader_win.cc(242)] ReadMemory at 0x7ff8b4110000 of 64 bytes failed: Seule une partie d’une requête ReadProcessMemory ou WriteProcessMemory a été effectuée. (0x12B)
[1122/182512.147:WARNING:pe_image_reader.cc(302)] could not read dos header from C:\Windows\SYSTEM32\msdmo.dll
[1122/182512.147:ERROR:process_reader_win.cc(242)] ReadMemory at 0x7ff8b3220000 of 64 bytes failed: Seule une partie d’une requête ReadProcessMemory ou WriteProcessMemory a été effectuée. (0x12B)
[1122/182512.147:WARNING:pe_image_reader.cc(302)] could not read dos header from C:\Windows\WinSxS\amd64_microsoft.windows.common-controls_6595b64144ccf1df_6.0.14393.0_none_2d0f50fcbdb171b8\COMCTL32.dll
[1122/182512.148:ERROR:process_reader_win.cc(242)] ReadMemory at 0x7ff8b38e0000 of 64 bytes failed: Seule une partie d’une requête ReadProcessMemory ou WriteProcessMemory a été effectuée. (0x12B)
[1122/182512.148:WARNING:pe_image_reader.cc(302)] could not read dos header from C:\Windows\SYSTEM32\DWrite.dll
[1122/182512.148:ERROR:process_reader_win.cc(242)] ReadMemory at 0x7ff8b18e0000 of 64 bytes failed: Seule une partie d’une requête ReadProcessMemory ou WriteProcessMemory a été effectuée. (0x12B)
[1122/182512.148:WARNING:pe_image_reader.cc(302)] could not read dos header from C:\Windows\SYSTEM32\WINSPOOL.DRV
[1122/182512.148:ERROR:process_reader_win.cc(242)] ReadMemory at 0x7ff8b0380000 of 64 bytes failed: Seule une partie d’une requête ReadProcessMemory ou WriteProcessMemory a été effectuée. (0x12B)
[1122/182512.148:WARNING:pe_image_reader.cc(302)] could not read dos header from C:\Windows\SYSTEM32\dbghelp.dll
[1122/182512.148:ERROR:process_reader_win.cc(242)] ReadMemory at 0x7ff8b6da0000 of 64 bytes failed: Seule une partie d’une requête ReadProcessMemory ou WriteProcessMemory a été effectuée. (0x12B)
[1122/182512.148:WARNING:pe_image_reader.cc(302)] could not read dos header from C:\Windows\SYSTEM32\USP10.dll
[1122/182512.148:ERROR:process_reader_win.cc(242)] ReadMemory at 0x7ff8baae0000 of 64 bytes failed: Seule une partie d’une requête ReadProcessMemory ou WriteProcessMemory a été effectuée. (0x12B)
[1122/182512.148:WARNING:pe_image_reader.cc(302)] could not read dos header from C:\Windows\SYSTEM32\dxgi.dll
[1122/182512.148:ERROR:process_reader_win.cc(242)] ReadMemory at 0x7ff8acf40000 of 64 bytes failed: Seule une partie d’une requête ReadProcessMemory ou WriteProcessMemory a été effectuée. (0x12B)
[1122/182512.148:WARNING:pe_image_reader.cc(302)] could not read dos header from C:\Windows\SYSTEM32\urlmon.dll
[1122/182512.148:ERROR:process_reader_win.cc(242)] ReadMemory at 0x7ff8ac900000 of 64 bytes failed: Seule une partie d’une requête ReadProcessMemory ou WriteProcessMemory a été effectuée. (0x12B)
[1122/182512.148:WARNING:pe_image_reader.cc(302)] could not read dos header from C:\Windows\SYSTEM32\Secur32.dll
[1122/182512.148:ERROR:process_reader_win.cc(242)] ReadMemory at 0x7ff8b5f10000 of 64 bytes failed: Seule une partie d’une requête ReadProcessMemory ou WriteProcessMemory a été effectuée. (0x12B)
[1122/182512.148:WARNING:pe_image_reader.cc(302)] could not read dos header from C:\Windows\SYSTEM32\WINHTTP.dll
[1122/182512.148:ERROR:process_reader_win.cc(242)] ReadMemory at 0x7ff8b6080000 of 64 bytes failed: Seule une partie d’une requête ReadProcessMemory ou WriteProcessMemory a été effectuée. (0x12B)
[1122/182512.148:WARNING:pe_image_reader.cc(302)] could not read dos header from C:\Windows\SYSTEM32\dhcpcsvc.DLL
[1122/182512.148:ERROR:process_reader_win.cc(242)] ReadMemory at 0x7ff8bf270000 of 64 bytes failed: Seule une partie d’une requête ReadProcessMemory ou WriteProcessMemory a été effectuée. (0x12B)
[1122/182512.148:WARNING:pe_image_reader.cc(302)] could not read dos header from C:\Windows\System32\NSI.dll
[1122/182512.148:ERROR:process_reader_win.cc(242)] ReadMemory at 0x7ff8bb730000 of 64 bytes failed: Seule une partie d’une requête ReadProcessMemory ou WriteProcessMemory a été effectuée. (0x12B)
[1122/182512.149:WARNING:pe_image_reader.cc(302)] could not read dos header from C:\Windows\SYSTEM32\bcrypt.dll
[1122/182512.149:ERROR:process_reader_win.cc(242)] ReadMemory at 0x7ff8b3e60000 of 64 bytes failed: Seule une partie d’une requête ReadProcessMemory ou WriteProcessMemory a été effectuée. (0x12B)
[1122/182512.149:WARNING:pe_image_reader.cc(302)] could not read dos header from C:\Windows\SYSTEM32\iertutil.dll
[1122/182512.175:ERROR:process_reader_win.cc(242)] ReadMemory at 0xdabde1000 of 126976 bytes failed: Seule une partie d’une requête ReadProcessMemory ou WriteProcessMemory a été effectuée. (0x12B)
[1122/182512.176:ERROR:process_reader_win.cc(242)] ReadMemory at 0xdabffd000 of 12288 bytes failed: Seule une partie d’une requête ReadProcessMemory ou WriteProcessMemory a été effectuée. (0x12B)
[1122/182512.176:ERROR:process_reader_win.cc(242)] ReadMemory at 0xdac1fd000 of 12288 bytes failed: Seule une partie d’une requête ReadProcessMemory ou WriteProcessMemory a été effectuée. (0x12B)
[1122/182512.176:ERROR:process_reader_win.cc(242)] ReadMemory at 0xdac3fd000 of 12288 bytes failed: Seule une partie d’une requête ReadProcessMemory ou WriteProcessMemory a été effectuée. (0x12B)
[1122/182512.176:ERROR:process_reader_win.cc(242)] ReadMemory at 0xdac5fd000 of 12288 bytes failed: Seule une partie d’une requête ReadProcessMemory ou WriteProcessMemory a été effectuée. (0x12B)
[1122/182512.176:ERROR:process_reader_win.cc(242)] ReadMemory at 0xdac7fe000 of 8192 bytes failed: Seule une partie d’une requête ReadProcessMemory ou WriteProcessMemory a été effectuée. (0x12B)
[1122/182512.176:ERROR:process_reader_win.cc(242)] ReadMemory at 0xdac9fc000 of 16384 bytes failed: Seule une partie d’une requête ReadProcessMemory ou WriteProcessMemory a été effectuée. (0x12B)
[1122/182512.176:ERROR:process_reader_win.cc(242)] ReadMemory at 0xdacbfe000 of 8192 bytes failed: Seule une partie d’une requête ReadProcessMemory ou WriteProcessMemory a été effectuée. (0x12B)
[1122/182512.177:ERROR:process_reader_win.cc(242)] ReadMemory at 0xdacdfe000 of 8192 bytes failed: Seule une partie d’une requête ReadProcessMemory ou WriteProcessMemory a été effectuée. (0x12B)
[1122/182512.177:ERROR:process_reader_win.cc(242)] ReadMemory at 0xdacffc000 of 16384 bytes failed: Seule une partie d’une requête ReadProcessMemory ou WriteProcessMemory a été effectuée. (0x12B)
[1122/182512.177:ERROR:process_reader_win.cc(242)] ReadMemory at 0xdad1fa000 of 24576 bytes failed: Seule une partie d’une requête ReadProcessMemory ou WriteProcessMemory a été effectuée. (0x12B)
[1122/182512.177:ERROR:process_reader_win.cc(242)] ReadMemory at 0xdad3e8000 of 98304 bytes failed: Seule une partie d’une requête ReadProcessMemory ou WriteProcessMemory a été effectuée. (0x12B)
[1122/182512.177:ERROR:process_reader_win.cc(242)] ReadMemory at 0xdad5e8000 of 98304 bytes failed: Seule une partie d’une requête ReadProcessMemory ou WriteProcessMemory a été effectuée. (0x12B)
[1122/182512.178:ERROR:process_reader_win.cc(242)] ReadMemory at 0xdad7e8000 of 98304 bytes failed: Seule une partie d’une requête ReadProcessMemory ou WriteProcessMemory a été effectuée. (0x12B)
[1122/182512.178:ERROR:process_reader_win.cc(242)] ReadMemory at 0xdad9fb000 of 20480 bytes failed: Seule une partie d’une requête ReadProcessMemory ou WriteProcessMemory a été effectuée. (0x12B)
[1122/182512.178:ERROR:process_reader_win.cc(242)] ReadMemory at 0xdadbfd000 of 12288 bytes failed: Seule une partie d’une requête ReadProcessMemory ou WriteProcessMemory a été effectuée. (0x12B)
[1122/182512.178:ERROR:process_reader_win.cc(242)] ReadMemory at 0xdaddf3000 of 53248 bytes failed: Seule une partie d’une requête ReadProcessMemory ou WriteProcessMemory a été effectuée. (0x12B)
[1122/182512.179:ERROR:process_reader_win.cc(242)] ReadMemory at 0xdadffd000 of 12288 bytes failed: Seule une partie d’une requête ReadProcessMemory ou WriteProcessMemory a été effectuée. (0x12B)
[1122/182512.179:ERROR:process_reader_win.cc(242)] ReadMemory at 0xdae1fd000 of 12288 bytes failed: Seule une partie d’une requête ReadProcessMemory ou WriteProcessMemory a été effectuée. (0x12B)
[1122/182512.179:ERROR:process_reader_win.cc(242)] ReadMemory at 0xdae3fd000 of 12288 bytes failed: Seule une partie d’une requête ReadProcessMemory ou WriteProcessMemory a été effectuée. (0x12B)
[1122/182512.179:ERROR:process_reader_win.cc(242)] ReadMemory at 0xdae5fd000 of 12288 bytes failed: Seule une partie d’une requête ReadProcessMemory ou WriteProcessMemory a été effectuée. (0x12B)
[1122/182512.179:ERROR:process_reader_win.cc(242)] ReadMemory at 0xdae7fd000 of 12288 bytes failed: Seule une partie d’une requête ReadProcessMemory ou WriteProcessMemory a été effectuée. (0x12B)
[1122/182512.179:ERROR:process_reader_win.cc(242)] ReadMemory at 0xdaba00000 of 6024 bytes failed: Seule une partie d’une requête ReadProcessMemory ou WriteProcessMemory a été effectuée. (0x12B)
[1122/182512.179:ERROR:process_reader_win.cc(242)] ReadMemory at 0xdaba02000 of 6024 bytes failed: Seule une partie d’une requête ReadProcessMemory ou WriteProcessMemory a été effectuée. (0x12B)
[1122/182512.179:ERROR:process_reader_win.cc(242)] ReadMemory at 0xdaba04000 of 6024 bytes failed: Seule une partie d’une requête ReadProcessMemory ou WriteProcessMemory a été effectuée. (0x12B)
[1122/182512.180:ERROR:process_reader_win.cc(242)] ReadMemory at 0xdaba06000 of 6024 bytes failed: Seule une partie d’une requête ReadProcessMemory ou WriteProcessMemory a été effectuée. (0x12B)
[1122/182512.180:ERROR:process_reader_win.cc(242)] ReadMemory at 0xdaba08000 of 6024 bytes failed: Seule une partie d’une requête ReadProcessMemory ou WriteProcessMemory a été effectuée. (0x12B)
[1122/182512.180:ERROR:process_reader_win.cc(242)] ReadMemory at 0xdaba0a000 of 6024 bytes failed: Seule une partie d’une requête ReadProcessMemory ou WriteProcessMemory a été effectuée. (0x12B)
[1122/182512.180:ERROR:process_reader_win.cc(242)] ReadMemory at 0xdaba0c000 of 6024 bytes failed: Seule une partie d’une requête ReadProcessMemory ou WriteProcessMemory a été effectuée. (0x12B)
[1122/182512.180:ERROR:process_reader_win.cc(242)] ReadMemory at 0xdaba0e000 of 6024 bytes failed: Seule une partie d’une requête ReadProcessMemory ou WriteProcessMemory a été effectuée. (0x12B)
[1122/182512.180:ERROR:process_reader_win.cc(242)] ReadMemory at 0xdaba10000 of 6024 bytes failed: Seule une partie d’une requête ReadProcessMemory ou WriteProcessMemory a été effectuée. (0x12B)
[1122/182512.180:ERROR:process_reader_win.cc(242)] ReadMemory at 0xdaba12000 of 6024 bytes failed: Seule une partie d’une requête ReadProcessMemory ou WriteProcessMemory a été effectuée. (0x12B)
[1122/182512.181:ERROR:process_reader_win.cc(242)] ReadMemory at 0xdaba14000 of 6024 bytes failed: Seule une partie d’une requête ReadProcessMemory ou WriteProcessMemory a été effectuée. (0x12B)
[1122/182512.181:ERROR:process_reader_win.cc(242)] ReadMemory at 0xdaba16000 of 6024 bytes failed: Seule une partie d’une requête ReadProcessMemory ou WriteProcessMemory a été effectuée. (0x12B)
[1122/182512.181:ERROR:process_reader_win.cc(242)] ReadMemory at 0xdaba18000 of 6024 bytes failed: Seule une partie d’une requête ReadProcessMemory ou WriteProcessMemory a été effectuée. (0x12B)
[1122/182512.181:ERROR:process_reader_win.cc(242)] ReadMemory at 0xdaba1a000 of 6024 bytes failed: Seule une partie d’une requête ReadProcessMemory ou WriteProcessMemory a été effectuée. (0x12B)
[1122/182512.181:ERROR:process_reader_win.cc(242)] ReadMemory at 0xdaba1c000 of 6024 bytes failed: Seule une partie d’une requête ReadProcessMemory ou WriteProcessMemory a été effectuée. (0x12B)
[1122/182512.181:ERROR:process_reader_win.cc(242)] ReadMemory at 0xdaba1e000 of 6024 bytes failed: Seule une partie d’une requête ReadProcessMemory ou WriteProcessMemory a été effectuée. (0x12B)
[1122/182512.181:ERROR:process_reader_win.cc(242)] ReadMemory at 0xdaba20000 of 6024 bytes failed: Seule une partie d’une requête ReadProcessMemory ou WriteProcessMemory a été effectuée. (0x12B)
[1122/182512.181:ERROR:process_reader_win.cc(242)] ReadMemory at 0xdaba22000 of 6024 bytes failed: Seule une partie d’une requête ReadProcessMemory ou WriteProcessMemory a été effectuée. (0x12B)
[1122/182512.182:ERROR:process_reader_win.cc(242)] ReadMemory at 0xdabbf6000 of 852 bytes failed: Seule une partie d’une requête ReadProcessMemory ou WriteProcessMemory a été effectuée. (0x12B)
[1122/182512.182:ERROR:process_reader_win.cc(242)] ReadMemory at 0xdabbf7000 of 6024 bytes failed: Seule une partie d’une requête ReadProcessMemory ou WriteProcessMemory a été effectuée. (0x12B)
[1122/182512.182:ERROR:process_reader_win.cc(242)] ReadMemory at 0xdabbf9000 of 6024 bytes failed: Seule une partie d’une requête ReadProcessMemory ou WriteProcessMemory a été effectuée. (0x12B)
[1122/182512.182:ERROR:process_reader_win.cc(242)] ReadMemory at 0xdabbfb000 of 6024 bytes failed: Seule une partie d’une requête ReadProcessMemory ou WriteProcessMemory a été effectuée. (0x12B)
[1122/182512.182:ERROR:process_reader_win.cc(242)] ReadMemory at 0xdabbfd000 of 6024 bytes failed: Seule une partie d’une requête ReadProcessMemory ou WriteProcessMemory a été effectuée. (0x12B)
[1122/182512.182:ERROR:process_reader_win.cc(242)] ReadMemory at 0x1eb096a0dd0 of 6342 bytes failed: Seule une partie d’une requête ReadProcessMemory ou WriteProcessMemory a été effectuée. (0x12B)
[1122/182512.182:ERROR:process_reader_win.cc(242)] ReadMemory at 0x1eb096a26a0 of 1012 bytes failed: Seule une partie d’une requête ReadProcessMemory ou WriteProcessMemory a été effectuée. (0x12B)
[1122/182512.182:ERROR:process_reader_win.cc(242)] ReadMemory at 0x1eb096a2cb8 of 118 bytes failed: Seule une partie d’une requête ReadProcessMemory ou WriteProcessMemory a été effectuée. (0x12B)
[1122/182512.182:ERROR:process_reader_win.cc(242)] ReadMemory at 0x1eb096a2d30 of 1446 bytes failed: Seule une partie d’une requête ReadProcessMemory ou WriteProcessMemory a été effectuée. (0x12B)
[1122/182512.183:ERROR:process_reader_win.cc(242)] ReadMemory at 0x1eb096a32d8 of 118 bytes failed: Seule une partie d’une requête ReadProcessMemory ou WriteProcessMemory a été effectuée. (0x12B)
[1122/182512.183:ERROR:process_reader_win.cc(242)] ReadMemory at 0x1eb096a3350 of 94 bytes failed: Seule une partie d’une requête ReadProcessMemory ou WriteProcessMemory a été effectuée. (0x12B)
[1122/182512.183:ERROR:process_reader_win.cc(242)] ReadMemory at 0x1eb096a33c0 of 58 bytes failed: Seule une partie d’une requête ReadProcessMemory ou WriteProcessMemory a été effectuée. (0x12B)
[1122/182512.183:ERROR:process_reader_win.cc(242)] ReadMemory at 0x1eb096a34c0 of 132 bytes failed: Seule une partie d’une requête ReadProcessMemory ou WriteProcessMemory a été effectuée. (0x12B)
[1122/182512.183:ERROR:process_reader_win.cc(242)] ReadMemory at 0x1eb096a3650 of 132 bytes failed: Seule une partie d’une requête ReadProcessMemory ou WriteProcessMemory a été effectuée. (0x12B)
[1122/182512.183:ERROR:process_reader_win.cc(242)] ReadMemory at 0x1eb096a3810 of 126 bytes failed: Seule une partie d’une requête ReadProcessMemory ou WriteProcessMemory a été effectuée. (0x12B)
[1122/182512.183:ERROR:process_reader_win.cc(242)] ReadMemory at 0x1eb096a3bc0 of 132 bytes failed: Seule une partie d’une requête ReadProcessMemory ou WriteProcessMemory a été effectuée. (0x12B)
[1122/182512.183:ERROR:process_reader_win.cc(242)] ReadMemory at 0x1eb096a3d50 of 64 bytes failed: Seule une partie d’une requête ReadProcessMemory ou WriteProcessMemory a été effectuée. (0x12B)
[1122/182512.183:ERROR:process_reader_win.cc(242)] ReadMemory at 0x1eb096a4030 of 62 bytes failed: Seule une partie d’une requête ReadProcessMemory ou WriteProcessMemory a été effectuée. (0x12B)
[1122/182512.183:ERROR:process_reader_win.cc(242)] ReadMemory at 0x1eb096a4090 of 132 bytes failed: Seule une partie d’une requête ReadProcessMemory ou WriteProcessMemory a été effectuée. (0x12B)
[1122/182512.183:ERROR:process_reader_win.cc(242)] ReadMemory at 0x1eb096a4220 of 68 bytes failed: Seule une partie d’une requête ReadProcessMemory ou WriteProcessMemory a été effectuée. (0x12B)
[1122/182512.183:ERROR:process_reader_win.cc(242)] ReadMemory at 0x1eb096a5020 of 132 bytes failed: Seule une partie d’une requête ReadProcessMemory ou WriteProcessMemory a été effectuée. (0x12B)
[1122/182512.183:ERROR:process_reader_win.cc(242)] ReadMemory at 0x1eb096a8190 of 132 bytes failed: Seule une partie d’une requête ReadProcessMemory ou WriteProcessMemory a été effectuée. (0x12B)
[1122/182512.184:ERROR:process_reader_win.cc(242)] ReadMemory at 0x1eb096a8320 of 86 bytes failed: Seule une partie d’une requête ReadProcessMemory ou WriteProcessMemory a été effectuée. (0x12B)
[1122/182512.184:ERROR:process_reader_win.cc(242)] ReadMemory at 0x1eb096a8640 of 132 bytes failed: Seule une partie d’une requête ReadProcessMemory ou WriteProcessMemory a été effectuée. (0x12B)
[1122/182512.184:ERROR:process_reader_win.cc(242)] ReadMemory at 0x1eb096a8970 of 132 bytes failed: Seule une partie d’une requête ReadProcessMemory ou WriteProcessMemory a été effectuée. (0x12B)
[1122/182512.184:ERROR:process_reader_win.cc(242)] ReadMemory at 0x1eb096a8c20 of 62 bytes failed: Seule une partie d’une requête ReadProcessMemory ou WriteProcessMemory a été effectuée. (0x12B)
[1122/182512.184:ERROR:process_reader_win.cc(242)] ReadMemory at 0x1eb096ada30 of 132 bytes failed: Seule une partie d’une requête ReadProcessMemory ou WriteProcessMemory a été effectuée. (0x12B)
[1122/182512.184:ERROR:process_reader_win.cc(242)] ReadMemory at 0x1eb096adbc0 of 60 bytes failed: Seule une partie d’une requête ReadProcessMemory ou WriteProcessMemory a été effectuée. (0x12B)
[1122/182512.184:ERROR:process_reader_win.cc(242)] ReadMemory at 0x1eb096adda0 of 132 bytes failed: Seule une partie d’une requête ReadProcessMemory ou WriteProcessMemory a été effectuée. (0x12B)
[1122/182512.184:ERROR:process_reader_win.cc(242)] ReadMemory at 0x1eb096adf30 of 62 bytes failed: Seule une partie d’une requête ReadProcessMemory ou WriteProcessMemory a été effectuée. (0x12B)
[1122/182512.184:ERROR:process_reader_win.cc(242)] ReadMemory at 0x1eb096adf80 of 60 bytes failed: Seule une partie d’une requête ReadProcessMemory ou WriteProcessMemory a été effectuée. (0x12B)
[1122/182512.184:ERROR:process_reader_win.cc(242)] ReadMemory at 0x1eb096adfd0 of 132 bytes failed: Seule une partie d’une requête ReadProcessMemory ou WriteProcessMemory a été effectuée. (0x12B)
[1122/182512.184:ERROR:process_reader_win.cc(242)] ReadMemory at 0x1eb096ae350 of 132 bytes failed: Seule une partie d’une requête ReadProcessMemory ou WriteProcessMemory a été effectuée. (0x12B)
[1122/182512.184:ERROR:process_reader_win.cc(242)] ReadMemory at 0x1eb096ae4e0 of 62 bytes failed: Seule une partie d’une requête ReadProcessMemory ou WriteProcessMemory a été effectuée. (0x12B)
[1122/182512.185:ERROR:process_reader_win.cc(242)] ReadMemory at 0x1eb096ae760 of 132 bytes failed: Seule une partie d’une requête ReadProcessMemory ou WriteProcessMemory a été effectuée. (0x12B)
[1122/182512.185:ERROR:process_reader_win.cc(242)] ReadMemory at 0x1eb096aea00 of 80 bytes failed: Seule une partie d’une requête ReadProcessMemory ou WriteProcessMemory a été effectuée. (0x12B)
[1122/182512.185:ERROR:process_reader_win.cc(242)] ReadMemory at 0x1eb096aeac0 of 78 bytes failed: Seule une partie d’une requête ReadProcessMemory ou WriteProcessMemory a été effectuée. (0x12B)
[1122/182512.185:ERROR:process_reader_win.cc(242)] ReadMemory at 0x1eb096aedc0 of 76 bytes failed: Seule une partie d’une requête ReadProcessMemory ou WriteProcessMemory a été effectuée. (0x12B)
[1122/182512.185:ERROR:process_reader_win.cc(242)] ReadMemory at 0x1eb096af0a0 of 64 bytes failed: Seule une partie d’une requête ReadProcessMemory ou WriteProcessMemory a été effectuée. (0x12B)
[1122/182512.185:ERROR:process_reader_win.cc(242)] ReadMemory at 0x1eb096af290 of 132 bytes failed: Seule une partie d’une requête ReadProcessMemory ou WriteProcessMemory a été effectuée. (0x12B)
[1122/182512.185:ERROR:process_reader_win.cc(242)] ReadMemory at 0x1eb096af4f0 of 132 bytes failed: Seule une partie d’une requête ReadProcessMemory ou WriteProcessMemory a été effectuée. (0x12B)
[1122/182512.185:ERROR:process_reader_win.cc(242)] ReadMemory at 0x1eb096af620 of 58 bytes failed: Seule une partie d’une requête ReadProcessMemory ou WriteProcessMemory a été effectuée. (0x12B)
[1122/182512.185:ERROR:process_reader_win.cc(242)] ReadMemory at 0x1eb096aff70 of 132 bytes failed: Seule une partie d’une requête ReadProcessMemory ou WriteProcessMemory a été effectuée. (0x12B)
[1122/182512.185:ERROR:process_reader_win.cc(242)] ReadMemory at 0x1eb096b00f0 of 62 bytes failed: Seule une partie d’une requête ReadProcessMemory ou WriteProcessMemory a été effectuée. (0x12B)
[1122/182512.185:ERROR:process_reader_win.cc(242)] ReadMemory at 0x1eb096b0140 of 60 bytes failed: Seule une partie d’une requête ReadProcessMemory ou WriteProcessMemory a été effectuée. (0x12B)
[1122/182512.185:ERROR:process_reader_win.cc(242)] ReadMemory at 0x1eb096b0190 of 60 bytes failed: Seule une partie d’une requête ReadProcessMemory ou WriteProcessMemory a été effectuée. (0x12B)
[1122/182512.185:ERROR:process_reader_win.cc(242)] ReadMemory at 0x1eb096b0230 of 62 bytes failed: Seule une partie d’une requête ReadProcessMemory ou WriteProcessMemory a été effectuée. (0x12B)
[1122/182512.186:ERROR:process_reader_win.cc(242)] ReadMemory at 0x1eb096b0280 of 64 bytes failed: Seule une partie d’une requête ReadProcessMemory ou WriteProcessMemory a été effectuée. (0x12B)
[1122/182512.186:ERROR:process_reader_win.cc(242)] ReadMemory at 0x1eb096b02d0 of 64 bytes failed: Seule une partie d’une requête ReadProcessMemory ou WriteProcessMemory a été effectuée. (0x12B)
[1122/182512.186:ERROR:process_reader_win.cc(242)] ReadMemory at 0x1eb096b0460 of 62 bytes failed: Seule une partie d’une requête ReadProcessMemory ou WriteProcessMemory a été effectuée. (0x12B)
[1122/182512.186:ERROR:process_reader_win.cc(242)] ReadMemory at 0x1eb096b0500 of 58 bytes failed: Seule une partie d’une requête ReadProcessMemory ou WriteProcessMemory a été effectuée. (0x12B)
[1122/182512.186:ERROR:process_reader_win.cc(242)] ReadMemory at 0x1eb096b0550 of 64 bytes failed: Seule une partie d’une requête ReadProcessMemory ou WriteProcessMemory a été effectuée. (0x12B)
[1122/182512.186:ERROR:process_reader_win.cc(242)] ReadMemory at 0x1eb096b05f0 of 66 bytes failed: Seule une partie d’une requête ReadProcessMemory ou WriteProcessMemory a été effectuée. (0x12B)
[1122/182512.186:ERROR:process_reader_win.cc(242)] ReadMemory at 0x1eb096b06e0 of 58 bytes failed: Seule une partie d’une requête ReadProcessMemory ou WriteProcessMemory a été effectuée. (0x12B)
[1122/182512.186:ERROR:process_reader_win.cc(242)] ReadMemory at 0x1eb096b07d0 of 62 bytes failed: Seule une partie d’une requête ReadProcessMemory ou WriteProcessMemory a été effectuée. (0x12B)
[1122/182512.186:ERROR:process_reader_win.cc(242)] ReadMemory at 0x1eb096b0820 of 60 bytes failed: Seule une partie d’une requête ReadProcessMemory ou WriteProcessMemory a été effectuée. (0x12B)
[1122/182512.186:ERROR:process_reader_win.cc(242)] ReadMemory at 0x1eb096b0a60 of 132 bytes failed: Seule une partie d’une requête ReadProcessMemory ou WriteProcessMemory a été effectuée. (0x12B)
[1122/182512.186:ERROR:process_reader_win.cc(242)] ReadMemory at 0x1eb096b0dc0 of 132 bytes failed: Seule une partie d’une requête ReadProcessMemory ou WriteProcessMemory a été effectuée. (0x12B)
[1122/182512.186:ERROR:process_reader_win.cc(242)] ReadMemory at 0x1eb096b0ef0 of 132 bytes failed: Seule une partie d’une requête ReadProcessMemory ou WriteProcessMemory a été effectuée. (0x12B)
[1122/182512.186:ERROR:process_reader_win.cc(242)] ReadMemory at 0x1eb096b1020 of 132 bytes failed: Seule une partie d’une requête ReadProcessMemory ou WriteProcessMemory a été effectuée. (0x12B)
[1122/182512.187:ERROR:process_reader_win.cc(242)] ReadMemory at 0x1eb096b1150 of 132 bytes failed: Seule une partie d’une requête ReadProcessMemory ou WriteProcessMemory a été effectuée. (0x12B)
[1122/182512.187:ERROR:process_reader_win.cc(242)] ReadMemory at 0x1eb096b1280 of 132 bytes failed: Seule une partie d’une requête ReadProcessMemory ou WriteProcessMemory a été effectuée. (0x12B)
[1122/182512.187:ERROR:process_reader_win.cc(242)] ReadMemory at 0x1eb096b13b0 of 132 bytes failed: Seule une partie d’une requête ReadProcessMemory ou WriteProcessMemory a été effectuée. (0x12B)
[1122/182512.187:ERROR:process_reader_win.cc(242)] ReadMemory at 0x1eb096b14e0 of 132 bytes failed: Seule une partie d’une requête ReadProcessMemory ou WriteProcessMemory a été effectuée. (0x12B)
[1122/182512.187:ERROR:process_reader_win.cc(242)] ReadMemory at 0x1eb096b1610 of 132 bytes failed: Seule une partie d’une requête ReadProcessMemory ou WriteProcessMemory a été effectuée. (0x12B)
[1122/182512.187:ERROR:process_reader_win.cc(242)] ReadMemory at 0x1eb096b1740 of 132 bytes failed: Seule une partie d’une requête ReadProcessMemory ou WriteProcessMemory a été effectuée. (0x12B)
[1122/182512.187:ERROR:process_reader_win.cc(242)] ReadMemory at 0x1eb096b1870 of 132 bytes failed: Seule une partie d’une requête ReadProcessMemory ou WriteProcessMemory a été effectuée. (0x12B)
[1122/182512.187:ERROR:process_reader_win.cc(242)] ReadMemory at 0x1eb096b19a0 of 132 bytes failed: Seule une partie d’une requête ReadProcessMemory ou WriteProcessMemory a été effectuée. (0x12B)
[1122/182512.187:ERROR:process_reader_win.cc(242)] ReadMemory at 0x1eb096b1ad0 of 132 bytes failed: Seule une partie d’une requête ReadProcessMemory ou WriteProcessMemory a été effectuée. (0x12B)
[1122/182512.187:ERROR:process_reader_win.cc(242)] ReadMemory at 0x1eb096b1c00 of 132 bytes failed: Seule une partie d’une requête ReadProcessMemory ou WriteProcessMemory a été effectuée. (0x12B)
[1122/182512.187:ERROR:process_reader_win.cc(242)] ReadMemory at 0x1eb096b4c70 of 54 bytes failed: Seule une partie d’une requête ReadProcessMemory ou WriteProcessMemory a été effectuée. (0x12B)
[1122/182512.187:ERROR:process_reader_win.cc(242)] ReadMemory at 0x1eb096b5e70 of 54 bytes failed: Seule une partie d’une requête ReadProcessMemory ou WriteProcessMemory a été effectuée. (0x12B)
[1122/182512.187:ERROR:process_reader_win.cc(242)] ReadMemory at 0x1eb096babb0 of 66 bytes failed: Seule une partie d’une requête ReadProcessMemory ou WriteProcessMemory a été effectuée. (0x12B)
[1122/182512.188:ERROR:process_reader_win.cc(242)] ReadMemory at 0x1eb096bad40 of 60 bytes failed: Seule une partie d’une requête ReadProcessMemory ou WriteProcessMemory a été effectuée. (0x12B)
[1122/182512.188:ERROR:process_reader_win.cc(242)] ReadMemory at 0x1eb096bad90 of 64 bytes failed: Seule une partie d’une requête ReadProcessMemory ou WriteProcessMemory a été effectuée. (0x12B)
[1122/182512.188:ERROR:process_reader_win.cc(242)] ReadMemory at 0x1eb096bae30 of 60 bytes failed: Seule une partie d’une requête ReadProcessMemory ou WriteProcessMemory a été effectuée. (0x12B)
[1122/182512.188:ERROR:process_reader_win.cc(242)] ReadMemory at 0x1eb096bae80 of 62 bytes failed: Seule une partie d’une requête ReadProcessMemory ou WriteProcessMemory a été effectuée. (0x12B)
[1122/182512.188:ERROR:process_reader_win.cc(242)] ReadMemory at 0x1eb096baf20 of 58 bytes failed: Seule une partie d’une requête ReadProcessMemory ou WriteProcessMemory a été effectuée. (0x12B)
[1122/182512.188:ERROR:process_reader_win.cc(242)] ReadMemory at 0x1eb096baf70 of 62 bytes failed: Seule une partie d’une requête ReadProcessMemory ou WriteProcessMemory a été effectuée. (0x12B)
[1122/182512.188:ERROR:process_reader_win.cc(242)] ReadMemory at 0x1eb096bafc0 of 56 bytes failed: Seule une partie d’une requête ReadProcessMemory ou WriteProcessMemory a été effectuée. (0x12B)
[1122/182512.188:ERROR:process_reader_win.cc(242)] ReadMemory at 0x1eb096bb010 of 64 bytes failed: Seule une partie d’une requête ReadProcessMemory ou WriteProcessMemory a été effectuée. (0x12B)
[1122/182512.188:ERROR:process_reader_win.cc(242)] ReadMemory at 0x1eb096bb0b0 of 60 bytes failed: Seule une partie d’une requête ReadProcessMemory ou WriteProcessMemory a été effectuée. (0x12B)
[1122/182512.188:ERROR:process_reader_win.cc(242)] ReadMemory at 0x1eb096bb100 of 62 bytes failed: Seule une partie d’une requête ReadProcessMemory ou WriteProcessMemory a été effectuée. (0x12B)
[1122/182512.189:ERROR:process_reader_win.cc(242)] ReadMemory at 0x1eb096bb1a0 of 64 bytes failed: Seule une partie d’une requête ReadProcessMemory ou WriteProcessMemory a été effectuée. (0x12B)
[1122/182512.189:ERROR:process_reader_win.cc(242)] ReadMemory at 0x1eb096bb470 of 60 bytes failed: Seule une partie d’une requête ReadProcessMemory ou WriteProcessMemory a été effectuée. (0x12B)
[1122/182512.189:ERROR:process_reader_win.cc(242)] ReadMemory at 0x1eb096bb4c0 of 64 bytes failed: Seule une partie d’une requête ReadProcessMemory ou WriteProcessMemory a été effectuée. (0x12B)
[1122/182512.189:ERROR:process_reader_win.cc(242)] ReadMemory at 0x1eb096bb510 of 64 bytes failed: Seule une partie d’une requête ReadProcessMemory ou WriteProcessMemory a été effectuée. (0x12B)
[1122/182512.189:ERROR:process_reader_win.cc(242)] ReadMemory at 0x1eb096bb5b0 of 60 bytes failed: Seule une partie d’une requête ReadProcessMemory ou WriteProcessMemory a été effectuée. (0x12B)
[1122/182512.189:ERROR:process_reader_win.cc(242)] ReadMemory at 0x1eb096bb740 of 58 bytes failed: Seule une partie d’une requête ReadProcessMemory ou WriteProcessMemory a été effectuée. (0x12B)
[1122/182512.189:ERROR:process_reader_win.cc(242)] ReadMemory at 0x1eb096bb790 of 66 bytes failed: Seule une partie d’une requête ReadProcessMemory ou WriteProcessMemory a été effectuée. (0x12B)
[1122/182512.189:ERROR:process_reader_win.cc(242)] ReadMemory at 0x1eb096bb830 of 62 bytes failed: Seule une partie d’une requête ReadProcessMemory ou WriteProcessMemory a été effectuée. (0x12B)
[1122/182512.189:ERROR:process_reader_win.cc(242)] ReadMemory at 0x1eb096bb8d0 of 58 bytes failed: Seule une partie d’une requête ReadProcessMemory ou WriteProcessMemory a été effectuée. (0x12B)
[1122/182512.189:ERROR:process_reader_win.cc(242)] ReadMemory at 0x1eb096bbab0 of 58 bytes failed: Seule une partie d’une requête ReadProcessMemory ou WriteProcessMemory a été effectuée. (0x12B)
[1122/182512.189:ERROR:process_reader_win.cc(242)] ReadMemory at 0x1eb096bdb80 of 132 bytes failed: Seule une partie d’une requête ReadProcessMemory ou WriteProcessMemory a été effectuée. (0x12B)
[1122/182512.189:ERROR:process_reader_win.cc(242)] ReadMemory at 0x1eb096bdcb0 of 132 bytes failed: Seule une partie d’une requête ReadProcessMemory ou WriteProcessMemory a été effectuée. (0x12B)
[1122/182512.189:ERROR:process_reader_win.cc(242)] ReadMemory at 0x1eb096bdde0 of 132 bytes failed: Seule une partie d’une requête ReadProcessMemory ou WriteProcessMemory a été effectuée. (0x12B)
[1122/182512.190:ERROR:process_reader_win.cc(242)] ReadMemory at 0x1eb096bdf10 of 132 bytes failed: Seule une partie d’une requête ReadProcessMemory ou WriteProcessMemory a été effectuée. (0x12B)
[1122/182512.190:ERROR:process_reader_win.cc(242)] ReadMemory at 0x1eb096be040 of 132 bytes failed: Seule une partie d’une requête ReadProcessMemory ou WriteProcessMemory a été effectuée. (0x12B)
[1122/182512.190:ERROR:process_reader_win.cc(242)] ReadMemory at 0x1eb096be2a0 of 132 bytes failed: Seule une partie d’une requête ReadProcessMemory ou WriteProcessMemory a été effectuée. (0x12B)
[1122/182512.190:ERROR:process_reader_win.cc(242)] ReadMemory at 0x1eb096be3d0 of 132 bytes failed: Seule une partie d’une requête ReadProcessMemory ou WriteProcessMemory a été effectuée. (0x12B)
[1122/182512.190:ERROR:process_reader_win.cc(242)] ReadMemory at 0x1eb096be500 of 132 bytes failed: Seule une partie d’une requête ReadProcessMemory ou WriteProcessMemory a été effectuée. (0x12B)
[1122/182512.190:ERROR:process_reader_win.cc(242)] ReadMemory at 0x1eb096be630 of 132 bytes failed: Seule une partie d’une requête ReadProcessMemory ou WriteProcessMemory a été effectuée. (0x12B)
[1122/182512.190:ERROR:process_reader_win.cc(242)] ReadMemory at 0x1eb096be760 of 132 bytes failed: Seule une partie d’une requête ReadProcessMemory ou WriteProcessMemory a été effectuée. (0x12B)
[1122/182512.190:ERROR:process_reader_win.cc(242)] ReadMemory at 0x1eb096be890 of 132 bytes failed: Seule une partie d’une requête ReadProcessMemory ou WriteProcessMemory a été effectuée. (0x12B)
[1122/182512.190:ERROR:process_reader_win.cc(242)] ReadMemory at 0x1eb096be9c0 of 132 bytes failed: Seule une partie d’une requête ReadProcessMemory ou WriteProcessMemory a été effectuée. (0x12B)
[1122/182512.190:ERROR:process_reader_win.cc(242)] ReadMemory at 0x1eb096beaf0 of 132 bytes failed: Seule une partie d’une requête ReadProcessMemory ou WriteProcessMemory a été effectuée. (0x12B)
[1122/182512.190:ERROR:process_reader_win.cc(242)] ReadMemory at 0x1eb096bec20 of 132 bytes failed: Seule une partie d’une requête ReadProcessMemory ou WriteProcessMemory a été effectuée. (0x12B)
[1122/182512.190:ERROR:process_reader_win.cc(242)] ReadMemory at 0x1eb096bed50 of 132 bytes failed: Seule une partie d’une requête ReadProcessMemory ou WriteProcessMemory a été effectuée. (0x12B)
[1122/182512.191:ERROR:process_reader_win.cc(242)] ReadMemory at 0x1eb096bee80 of 132 bytes failed: Seule une partie d’une requête ReadProcessMemory ou WriteProcessMemory a été effectuée. (0x12B)
[1122/182512.191:ERROR:process_reader_win.cc(242)] ReadMemory at 0x1eb096befb0 of 132 bytes failed: Seule une partie d’une requête ReadProcessMemory ou WriteProcessMemory a été effectuée. (0x12B)
[1122/182512.191:ERROR:process_reader_win.cc(242)] ReadMemory at 0x1eb096bf0e0 of 132 bytes failed: Seule une partie d’une requête ReadProcessMemory ou WriteProcessMemory a été effectuée. (0x12B)
[1122/182512.191:ERROR:process_reader_win.cc(242)] ReadMemory at 0x1eb096bf210 of 132 bytes failed: Seule une partie d’une requête ReadProcessMemory ou WriteProcessMemory a été effectuée. (0x12B)
[1122/182512.191:ERROR:process_reader_win.cc(242)] ReadMemory at 0x1eb096bf340 of 132 bytes failed: Seule une partie d’une requête ReadProcessMemory ou WriteProcessMemory a été effectuée. (0x12B)
[1122/182512.191:ERROR:process_reader_win.cc(242)] ReadMemory at 0x1eb096bf470 of 132 bytes failed: Seule une partie d’une requête ReadProcessMemory ou WriteProcessMemory a été effectuée. (0x12B)
[1122/182512.191:ERROR:process_reader_win.cc(242)] ReadMemory at 0x1eb096bf5a0 of 132 bytes failed: Seule une partie d’une requête ReadProcessMemory ou WriteProcessMemory a été effectuée. (0x12B)
[1122/182512.191:ERROR:process_reader_win.cc(242)] ReadMemory at 0x1eb096bf6d0 of 132 bytes failed: Seule une partie d’une requête ReadProcessMemory ou WriteProcessMemory a été effectuée. (0x12B)
[1122/182512.191:ERROR:process_reader_win.cc(242)] ReadMemory at 0x1eb096bf800 of 132 bytes failed: Seule une partie d’une requête ReadProcessMemory ou WriteProcessMemory a été effectuée. (0x12B)
[1122/182512.192:ERROR:process_reader_win.cc(242)] ReadMemory at 0x1eb096bf930 of 132 bytes failed: Seule une partie d’une requête ReadProcessMemory ou WriteProcessMemory a été effectuée. (0x12B)
[1122/182512.192:ERROR:process_reader_win.cc(242)] ReadMemory at 0x1eb096bfb40 of 158 bytes failed: Seule une partie d’une requête ReadProcessMemory ou WriteProcessMemory a été effectuée. (0x12B)
[1122/182512.192:ERROR:process_reader_win.cc(242)] ReadMemory at 0x1eb096c0810 of 154 bytes failed: Seule une partie d’une requête ReadProcessMemory ou WriteProcessMemory a été effectuée. (0x12B)
[1122/182512.192:ERROR:process_reader_win.cc(242)] ReadMemory at 0x1eb096c5330 of 132 bytes failed: Seule une partie d’une requête ReadProcessMemory ou WriteProcessMemory a été effectuée. (0x12B)
[1122/182512.192:ERROR:process_reader_win.cc(242)] ReadMemory at 0x1eb096c56c0 of 132 bytes failed: Seule une partie d’une requête ReadProcessMemory ou WriteProcessMemory a été effectuée. (0x12B)
[1122/182512.192:ERROR:process_reader_win.cc(242)] ReadMemory at 0x1eb096c6500 of 132 bytes failed: Seule une partie d’une requête ReadProcessMemory ou WriteProcessMemory a été effectuée. (0x12B)
[1122/182512.192:ERROR:process_reader_win.cc(242)] ReadMemory at 0x1eb096c6890 of 132 bytes failed: Seule une partie d’une requête ReadProcessMemory ou WriteProcessMemory a été effectuée. (0x12B)
[1122/182512.192:ERROR:process_reader_win.cc(242)] ReadMemory at 0x1eb096c6f60 of 242 bytes failed: Seule une partie d’une requête ReadProcessMemory ou WriteProcessMemory a été effectuée. (0x12B)
[1122/182512.192:ERROR:process_reader_win.cc(242)] ReadMemory at 0x1eb096c8eb0 of 64 bytes failed: Seule une partie d’une requête ReadProcessMemory ou WriteProcessMemory a été effectuée. (0x12B)
[1122/182512.192:ERROR:process_reader_win.cc(242)] ReadMemory at 0x1eb096c94f0 of 64 bytes failed: Seule une partie d’une requête ReadProcessMemory ou WriteProcessMemory a été effectuée. (0x12B)
[1122/182512.192:ERROR:process_reader_win.cc(242)] ReadMemory at 0x1eb096c9590 of 60 bytes failed: Seule une partie d’une requête ReadProcessMemory ou WriteProcessMemory a été effectuée. (0x12B)
[1122/182512.192:ERROR:process_reader_win.cc(242)] ReadMemory at 0x1eb096c9860 of 62 bytes failed: Seule une partie d’une requête ReadProcessMemory ou WriteProcessMemory a été effectuée. (0x12B)
[1122/182512.192:ERROR:process_reader_win.cc(242)] ReadMemory at 0x1eb096dc780 of 512 bytes failed: Seule une partie d’une requête ReadProcessMemory ou WriteProcessMemory a été effectuée. (0x12B)
[1122/182512.193:ERROR:process_reader_win.cc(242)] ReadMemory at 0x1eb096dd520 of 512 bytes failed: Seule une partie d’une requête ReadProcessMemory ou WriteProcessMemory a été effectuée. (0x12B)
[1122/182512.193:ERROR:process_reader_win.cc(242)] ReadMemory at 0x1eb099d0cd0 of 512 bytes failed: Seule une partie d’une requête ReadProcessMemory ou WriteProcessMemory a été effectuée. (0x12B)
[1122/182512.193:ERROR:process_reader_win.cc(242)] ReadMemory at 0x1eb099d5f80 of 512 bytes failed: Seule une partie d’une requête ReadProcessMemory ou WriteProcessMemory a été effectuée. (0x12B)
[1122/182512.193:ERROR:process_reader_win.cc(242)] ReadMemory at 0x1eb09a8ff80 of 512 bytes failed: Seule une partie d’une requête ReadProcessMemory ou WriteProcessMemory a été effectuée. (0x12B)
[1122/182512.193:ERROR:process_reader_win.cc(242)] ReadMemory at 0x1eb09a9d5f0 of 512 bytes failed: Seule une partie d’une requête ReadProcessMemory ou WriteProcessMemory a été effectuée. (0x12B)
[1122/182512.193:ERROR:process_reader_win.cc(242)] ReadMemory at 0x1eb09da0000 of 384 bytes failed: Seule une partie d’une requête ReadProcessMemory ou WriteProcessMemory a été effectuée. (0x12B)
[1122/182512.193:ERROR:process_reader_win.cc(242)] ReadMemory at 0x1eb09dcd348 of 512 bytes failed: Seule une partie d’une requête ReadProcessMemory ou WriteProcessMemory a été effectuée. (0x12B)
[1122/182512.193:ERROR:process_reader_win.cc(242)] ReadMemory at 0x1eb09dd8180 of 512 bytes failed: Seule une partie d’une requête ReadProcessMemory ou WriteProcessMemory a été effectuée. (0x12B)
[1122/182512.193:ERROR:process_reader_win.cc(242)] ReadMemory at 0x1eb09de01e0 of 512 bytes failed: Seule une partie d’une requête ReadProcessMemory ou WriteProcessMemory a été effectuée. (0x12B)
[1122/182512.193:ERROR:process_reader_win.cc(242)] ReadMemory at 0x1eb09de72f0 of 512 bytes failed: Seule une partie d’une requête ReadProcessMemory ou WriteProcessMemory a été effectuée. (0x12B)
[1122/182512.193:ERROR:process_reader_win.cc(242)] ReadMemory at 0x1eb09debb50 of 512 bytes failed: Seule une partie d’une requête ReadProcessMemory ou WriteProcessMemory a été effectuée. (0x12B)
[1122/182512.193:ERROR:process_reader_win.cc(242)] ReadMemory at 0x1eb09e019a0 of 512 bytes failed: Seule une partie d’une requête ReadProcessMemory ou WriteProcessMemory a été effectuée. (0x12B)
[1122/182512.194:ERROR:process_reader_win.cc(242)] ReadMemory at 0x1eb09e02498 of 512 bytes failed: Seule une partie d’une requête ReadProcessMemory ou WriteProcessMemory a été effectuée. (0x12B)
[1122/182512.194:ERROR:process_reader_win.cc(242)] ReadMemory at 0x1eb09e029c0 of 512 bytes failed: Seule une partie d’une requête ReadProcessMemory ou WriteProcessMemory a été effectuée. (0x12B)
[1122/182512.194:ERROR:process_reader_win.cc(242)] ReadMemory at 0x1eb09e02d50 of 512 bytes failed: Seule une partie d’une requête ReadProcessMemory ou WriteProcessMemory a été effectuée. (0x12B)
[1122/182512.194:ERROR:process_reader_win.cc(242)] ReadMemory at 0x1eb09e0c5b0 of 688 bytes failed: Seule une partie d’une requête ReadProcessMemory ou WriteProcessMemory a été effectuée. (0x12B)
[1122/182512.194:ERROR:process_reader_win.cc(242)] ReadMemory at 0x1eb0bbc0900 of 512 bytes failed: Seule une partie d’une requête ReadProcessMemory ou WriteProcessMemory a été effectuée. (0x12B)
[1122/182512.194:ERROR:process_reader_win.cc(242)] ReadMemory at 0x1eb0bbd0818 of 512 bytes failed: Seule une partie d’une requête ReadProcessMemory ou WriteProcessMemory a été effectuée. (0x12B)
[1122/182512.194:ERROR:process_reader_win.cc(242)] ReadMemory at 0x1eb0bbed938 of 512 bytes failed: Seule une partie d’une requête ReadProcessMemory ou WriteProcessMemory a été effectuée. (0x12B)
[1122/182512.194:ERROR:process_reader_win.cc(242)] ReadMemory at 0x1eb0bbf3f90 of 512 bytes failed: Seule une partie d’une requête ReadProcessMemory ou WriteProcessMemory a été effectuée. (0x12B)
[1122/182512.194:ERROR:process_reader_win.cc(242)] ReadMemory at 0x1eb0bc99b28 of 512 bytes failed: Seule une partie d’une requête ReadProcessMemory ou WriteProcessMemory a été effectuée. (0x12B)
[1122/182512.194:ERROR:process_reader_win.cc(242)] ReadMemory at 0x1eb0bc9a1f0 of 512 bytes failed: Seule une partie d’une requête ReadProcessMemory ou WriteProcessMemory a été effectuée. (0x12B)
[1122/182512.194:ERROR:process_reader_win.cc(242)] ReadMemory at 0x1eb0bcac750 of 512 bytes failed: Seule une partie d’une requête ReadProcessMemory ou WriteProcessMemory a été effectuée. (0x12B)
[1122/182512.194:ERROR:process_reader_win.cc(242)] ReadMemory at 0x1eb0bcada70 of 512 bytes failed: Seule une partie d’une requête ReadProcessMemory ou WriteProcessMemory a été effectuée. (0x12B)
[1122/182512.194:ERROR:process_reader_win.cc(242)] ReadMemory at 0x1eb0c010000 of 512 bytes failed: Seule une partie d’une requête ReadProcessMemory ou WriteProcessMemory a été effectuée. (0x12B)
[1122/182512.195:ERROR:process_reader_win.cc(242)] ReadMemory at 0x1eb0c02b420 of 512 bytes failed: Seule une partie d’une requête ReadProcessMemory ou WriteProcessMemory a été effectuée. (0x12B)
[1122/182512.195:ERROR:process_reader_win.cc(242)] ReadMemory at 0x1eb0c02c160 of 512 bytes failed: Seule une partie d’une requête ReadProcessMemory ou WriteProcessMemory a été effectuée. (0x12B)
[1122/182512.195:ERROR:process_reader_win.cc(242)] ReadMemory at 0x1eb0c072240 of 512 bytes failed: Seule une partie d’une requête ReadProcessMemory ou WriteProcessMemory a été effectuée. (0x12B)
[1122/182512.195:ERROR:process_reader_win.cc(242)] ReadMemory at 0x1eb0c0bfba8 of 512 bytes failed: Seule une partie d’une requête ReadProcessMemory ou WriteProcessMemory a été effectuée. (0x12B)
[1122/182512.195:ERROR:process_reader_win.cc(242)] ReadMemory at 0x1eb0c100270 of 512 bytes failed: Seule une partie d’une requête ReadProcessMemory ou WriteProcessMemory a été effectuée. (0x12B)
[1122/182512.195:ERROR:process_reader_win.cc(242)] ReadMemory at 0x1eb0c5094c0 of 512 bytes failed: Seule une partie d’une requête ReadProcessMemory ou WriteProcessMemory a été effectuée. (0x12B)
[1122/182512.195:ERROR:process_reader_win.cc(242)] ReadMemory at 0x1eb0c858100 of 512 bytes failed: Seule une partie d’une requête ReadProcessMemory ou WriteProcessMemory a été effectuée. (0x12B)
[1122/182512.195:ERROR:process_reader_win.cc(242)] ReadMemory at 0x1eb10ffaf80 of 512 bytes failed: Seule une partie d’une requête ReadProcessMemory ou WriteProcessMemory a été effectuée. (0x12B)
[1122/182512.195:ERROR:process_reader_win.cc(242)] ReadMemory at 0x186d17a800a0 of 512 bytes failed: Seule une partie d’une requête ReadProcessMemory ou WriteProcessMemory a été effectuée. (0x12B)
[1122/182512.195:ERROR:process_reader_win.cc(242)] ReadMemory at 0x186d17aca891 of 512 bytes failed: Seule une partie d’une requête ReadProcessMemory ou WriteProcessMemory a été effectuée. (0x12B)
[1122/182512.195:ERROR:process_reader_win.cc(242)] ReadMemory at 0x2130462c0e80 of 512 bytes failed: Seule une partie d’une requête ReadProcessMemory ou WriteProcessMemory a été effectuée. (0x12B)
[1122/182512.195:ERROR:process_reader_win.cc(242)] ReadMemory at 0x381a8cd000a0 of 512 bytes failed: Seule une partie d’une requête ReadProcessMemory ou WriteProcessMemory a été effectuée. (0x12B)
[1122/182512.195:ERROR:process_reader_win.cc(242)] ReadMemory at 0x381a8cd5b3e9 of 512 bytes failed: Seule une partie d’une requête ReadProcessMemory ou WriteProcessMemory a été effectuée. (0x12B)
[1122/182512.196:ERROR:process_reader_win.cc(242)] ReadMemory at 0x4f6149065a80 of 512 bytes failed: Seule une partie d’une requête ReadProcessMemory ou WriteProcessMemory a été effectuée. (0x12B)
[1122/182512.196:ERROR:process_reader_win.cc(242)] ReadMemory at 0x4f61490887c0 of 512 bytes failed: Seule une partie d’une requête ReadProcessMemory ou WriteProcessMemory a été effectuée. (0x12B)
[1122/182512.196:ERROR:process_reader_win.cc(242)] ReadMemory at 0x638c877024b9 of 512 bytes failed: Seule une partie d’une requête ReadProcessMemory ou WriteProcessMemory a été effectuée. (0x12B)
[1122/182512.196:ERROR:process_reader_win.cc(242)] ReadMemory at 0x638c87702ba9 of 512 bytes failed: Seule une partie d’une requête ReadProcessMemory ou WriteProcessMemory a été effectuée. (0x12B)
[1122/182512.196:ERROR:process_reader_win.cc(242)] ReadMemory at 0x6e1b89d800a0 of 512 bytes failed: Seule une partie d’une requête ReadProcessMemory ou WriteProcessMemory a été effectuée. (0x12B)
[1122/182512.196:ERROR:process_reader_win.cc(242)] ReadMemory at 0x7ff88f8b1152 of 512 bytes failed: Seule une partie d’une requête ReadProcessMemory ou WriteProcessMemory a été effectuée. (0x12B)
[1122/182512.196:ERROR:process_reader_win.cc(242)] ReadMemory at 0x7ff88f8b5ba6 of 512 bytes failed: Seule une partie d’une requête ReadProcessMemory ou WriteProcessMemory a été effectuée. (0x12B)
[1122/182512.196:ERROR:process_reader_win.cc(242)] ReadMemory at 0x7ff8914adff0 of 512 bytes failed: Seule une partie d’une requête ReadProcessMemory ou WriteProcessMemory a été effectuée. (0x12B)
[1122/182512.196:ERROR:process_reader_win.cc(242)] ReadMemory at 0x7ff893643e5a of 512 bytes failed: Seule une partie d’une requête ReadProcessMemory ou WriteProcessMemory a été effectuée. (0x12B)
[1122/182512.196:ERROR:process_reader_win.cc(242)] ReadMemory at 0x7ff89370f170 of 512 bytes failed: Seule une partie d’une requête ReadProcessMemory ou WriteProcessMemory a été effectuée. (0x12B)
[1122/182512.196:ERROR:process_reader_win.cc(242)] ReadMemory at 0x7ff8939815d8 of 512 bytes failed: Seule une partie d’une requête ReadProcessMemory ou WriteProcessMemory a été effectuée. (0x12B)
[1122/182512.196:ERROR:process_reader_win.cc(242)] ReadMemory at 0x7ff8942c67d0 of 512 bytes failed: Seule une partie d’une requête ReadProcessMemory ou WriteProcessMemory a été effectuée. (0x12B)
[1122/182512.197:ERROR:process_reader_win.cc(242)] ReadMemory at 0x7ff8b1512cb8 of 512 bytes failed: Seule une partie d’une requête ReadProcessMemory ou WriteProcessMemory a été effectuée. (0x12B)
[1122/182512.197:ERROR:process_reader_win.cc(242)] ReadMemory at 0x7ff8b3a3ac10 of 512 bytes failed: Seule une partie d’une requête ReadProcessMemory ou WriteProcessMemory a été effectuée. (0x12B)
[1122/182512.197:ERROR:process_reader_win.cc(242)] ReadMemory at 0x7ff8b3a43c70 of 512 bytes failed: Seule une partie d’une requête ReadProcessMemory ou WriteProcessMemory a été effectuée. (0x12B)
[1122/182512.197:ERROR:process_reader_win.cc(242)] ReadMemory at 0x7ff8bc687708 of 512 bytes failed: Seule une partie d’une requête ReadProcessMemory ou WriteProcessMemory a été effectuée. (0x12B)
[1122/182512.197:ERROR:process_reader_win.cc(242)] ReadMemory at 0x7ff8bc8616e8 of 512 bytes failed: Seule une partie d’une requête ReadProcessMemory ou WriteProcessMemory a été effectuée. (0x12B)
[1122/182512.197:ERROR:process_reader_win.cc(242)] ReadMemory at 0x7ff8bf67e9e0 of 512 bytes failed: Seule une partie d’une requête ReadProcessMemory ou WriteProcessMemory a été effectuée. (0x12B)
[1122/182512.197:ERROR:process_reader_win.cc(242)] ReadMemory at 0x7ff8bf681410 of 512 bytes failed: Seule une partie d’une requête ReadProcessMemory ou WriteProcessMemory a été effectuée. (0x12B)
[1122/182512.197:ERROR:process_reader_win.cc(242)] ReadMemory at 0x7ff8bf682320 of 512 bytes failed: Seule une partie d’une requête ReadProcessMemory ou WriteProcessMemory a été effectuée. (0x12B)
[1122/182512.197:ERROR:process_reader_win.cc(242)] ReadMemory at 0x7ff8bf68c138 of 512 bytes failed: Seule une partie d’une requête ReadProcessMemory ou WriteProcessMemory a été effectuée. (0x12B)
[1122/182512.197:ERROR:process_reader_win.cc(242)] ReadMemory at 0x7ff8bf6f4e54 of 672 bytes failed: Seule une partie d’une requête ReadProcessMemory ou WriteProcessMemory a été effectuée. (0x12B)
[1122/182512.197:ERROR:process_reader_win.cc(242)] ReadMemory at 0x7ff8bf6f5454 of 512 bytes failed: Seule une partie d’une requête ReadProcessMemory ou WriteProcessMemory a été effectuée. (0x12B)
[1122/182512.197:ERROR:process_reader_win.cc(242)] ReadMemory at 0x7ff8bf6f8544 of 608 bytes failed: Seule une partie d’une requête ReadProcessMemory ou WriteProcessMemory a été effectuée. (0x12B)
[1122/182512.197:ERROR:process_reader_win.cc(242)] ReadMemory at 0x7ff8bf6fb743 of 512 bytes failed: Seule une partie d’une requête ReadProcessMemory ou WriteProcessMemory a été effectuée. (0x12B)
[1122/182512.198:ERROR:process_reader_win.cc(242)] ReadMemory at 0x7ff8bf761540 of 512 bytes failed: Seule une partie d’une requête ReadProcessMemory ou WriteProcessMemory a été effectuée. (0x12B)
[1122/182512.198:ERROR:process_reader_win.cc(242)] ReadMemory at 0x7ff8bf76b7c0 of 18 bytes failed: Seule une partie d’une requête ReadProcessMemory ou WriteProcessMemory a été effectuée. (0x12B)
[1122/182512.198:ERROR:process_reader_win.cc(242)] ReadMemory at 0x7ff8bf79c568 of 40 bytes failed: Seule une partie d’une requête ReadProcessMemory ou WriteProcessMemory a été effectuée. (0x12B)
[1122/182512.198:ERROR:process_reader_win.cc(242)] ReadMemory at 0x7ff8bf79c998 of 48 bytes failed: Seule une partie d’une requête ReadProcessMemory ou WriteProcessMemory a été effectuée. (0x12B)
[1122/182512.198:ERROR:process_reader_win.cc(242)] ReadMemory at 0x7ff8bf7a23a0 of 64 bytes failed: Seule une partie d’une requête ReadProcessMemory ou WriteProcessMemory a été effectuée. (0x12B)
[1122/182512.198:ERROR:process_reader_win.cc(242)] ReadMemory at 0x7ff8bf7a3310 of 512 bytes failed: Seule une partie d’une requête ReadProcessMemory ou WriteProcessMemory a été effectuée. (0x12B)
[1122/182512.243:ERROR:scoped_process_suspend.cc(40)] NtResumeProcess: Tentative d’accès à un processus en cours d’arrêt. (0xc000010a)
